C:\USERS\PWJONES\DOCUMENTS\DEV\CCV15\APPS\ADDONSEXAMPLES\VS2008\OBJ\DEBUG\CALIBRATION.OBJ
C:\USERS\PWJONES\DOCUMENTS\DEV\CCV15\APPS\ADDONSEXAMPLES\VS2008\OBJ\DEBUG\CALIBRATIONUTILS.OBJ
C:\Users\pwjones\Documents\dev\ccv15\apps\addonsExamples\VS2008\obj\Debug\cl.command.1.tlog
C:\Users\pwjones\Documents\dev\ccv15\apps\addonsExamples\VS2008\obj\Debug\CL.read.1.tlog
C:\Users\pwjones\Documents\dev\ccv15\apps\addonsExamples\VS2008\obj\Debug\CL.write.1.tlog
C:\USERS\PWJONES\DOCUMENTS\DEV\CCV15\APPS\ADDONSEXAMPLES\VS2008\OBJ\DEBUG\CONTOURFINDER.OBJ
C:\USERS\PWJONES\DOCUMENTS\DEV\CCV15\APPS\ADDONSEXAMPLES\VS2008\OBJ\DEBUG\CPUIMAGEFILTER.OBJ
C:\USERS\PWJONES\DOCUMENTS\DEV\CCV15\APPS\ADDONSEXAMPLES\VS2008\OBJ\DEBUG\FIDTRACKX.OBJ
C:\USERS\PWJONES\DOCUMENTS\DEV\CCV15\APPS\ADDONSEXAMPLES\VS2008\OBJ\DEBUG\GPUIMAGEFILTER.OBJ
C:\USERS\PWJONES\DOCUMENTS\DEV\CCV15\APPS\ADDONSEXAMPLES\VS2008\OBJ\DEBUG\MAIN.OBJ
C:\USERS\PWJONES\DOCUMENTS\DEV\CCV15\APPS\ADDONSEXAMPLES\VS2008\OBJ\DEBUG\OFXCAMERABASE.OBJ
C:\USERS\PWJONES\DOCUMENTS\DEV\CCV15\APPS\ADDONSEXAMPLES\VS2008\OBJ\DEBUG\OFXCMUCAMERA.OBJ
C:\USERS\PWJONES\DOCUMENTS\DEV\CCV15\APPS\ADDONSEXAMPLES\VS2008\OBJ\DEBUG\OFXCVCOLORIMAGE.OBJ
C:\USERS\PWJONES\DOCUMENTS\DEV\CCV15\APPS\ADDONSEXAMPLES\VS2008\OBJ\DEBUG\OFXCVCONTOURFINDER.OBJ
C:\USERS\PWJONES\DOCUMENTS\DEV\CCV15\APPS\ADDONSEXAMPLES\VS2008\OBJ\DEBUG\OFXCVFLOATIMAGE.OBJ
C:\USERS\PWJONES\DOCUMENTS\DEV\CCV15\APPS\ADDONSEXAMPLES\VS2008\OBJ\DEBUG\OFXCVGRAYSCALEIMAGE.OBJ
C:\USERS\PWJONES\DOCUMENTS\DEV\CCV15\APPS\ADDONSEXAMPLES\VS2008\OBJ\DEBUG\OFXCVIMAGE.OBJ
C:\USERS\PWJONES\DOCUMENTS\DEV\CCV15\APPS\ADDONSEXAMPLES\VS2008\OBJ\DEBUG\OFXCVSHORTIMAGE.OBJ
C:\USERS\PWJONES\DOCUMENTS\DEV\CCV15\APPS\ADDONSEXAMPLES\VS2008\OBJ\DEBUG\OFXDIRLIST.OBJ
C:\USERS\PWJONES\DOCUMENTS\DEV\CCV15\APPS\ADDONSEXAMPLES\VS2008\OBJ\DEBUG\OFXDSHOW.OBJ
C:\USERS\PWJONES\DOCUMENTS\DEV\CCV15\APPS\ADDONSEXAMPLES\VS2008\OBJ\DEBUG\OFXFFMV.OBJ
C:\USERS\PWJONES\DOCUMENTS\DEV\CCV15\APPS\ADDONSEXAMPLES\VS2008\OBJ\DEBUG\OFXFIDUCIALFINDER.OBJ
C:\USERS\PWJONES\DOCUMENTS\DEV\CCV15\APPS\ADDONSEXAMPLES\VS2008\OBJ\DEBUG\OFXFIDUCIALTRACKER.OBJ
C:\USERS\PWJONES\DOCUMENTS\DEV\CCV15\APPS\ADDONSEXAMPLES\VS2008\OBJ\DEBUG\OFXGUI.OBJ
C:\USERS\PWJONES\DOCUMENTS\DEV\CCV15\APPS\ADDONSEXAMPLES\VS2008\OBJ\DEBUG\OFXGUIARROW.OBJ
C:\USERS\PWJONES\DOCUMENTS\DEV\CCV15\APPS\ADDONSEXAMPLES\VS2008\OBJ\DEBUG\OFXGUIBUTTON.OBJ
C:\USERS\PWJONES\DOCUMENTS\DEV\CCV15\APPS\ADDONSEXAMPLES\VS2008\OBJ\DEBUG\OFXGUICOLOR.OBJ
C:\USERS\PWJONES\DOCUMENTS\DEV\CCV15\APPS\ADDONSEXAMPLES\VS2008\OBJ\DEBUG\OFXGUIDHELPER.OBJ
C:\USERS\PWJONES\DOCUMENTS\DEV\CCV15\APPS\ADDONSEXAMPLES\VS2008\OBJ\DEBUG\OFXGUIFILES.OBJ
C:\USERS\PWJONES\DOCUMENTS\DEV\CCV15\APPS\ADDONSEXAMPLES\VS2008\OBJ\DEBUG\OFXGUIGLOBALS.OBJ
C:\USERS\PWJONES\DOCUMENTS\DEV\CCV15\APPS\ADDONSEXAMPLES\VS2008\OBJ\DEBUG\OFXGUIGRID.OBJ
C:\USERS\PWJONES\DOCUMENTS\DEV\CCV15\APPS\ADDONSEXAMPLES\VS2008\OBJ\DEBUG\OFXGUIIMAGE.OBJ
C:\USERS\PWJONES\DOCUMENTS\DEV\CCV15\APPS\ADDONSEXAMPLES\VS2008\OBJ\DEBUG\OFXGUIKNOB.OBJ
C:\USERS\PWJONES\DOCUMENTS\DEV\CCV15\APPS\ADDONSEXAMPLES\VS2008\OBJ\DEBUG\OFXGUILABEL.OBJ
C:\USERS\PWJONES\DOCUMENTS\DEV\CCV15\APPS\ADDONSEXAMPLES\VS2008\OBJ\DEBUG\OFXGUIMATRIX.OBJ
C:\USERS\PWJONES\DOCUMENTS\DEV\CCV15\APPS\ADDONSEXAMPLES\VS2008\OBJ\DEBUG\OFXGUIOBJECT.OBJ
C:\USERS\PWJONES\DOCUMENTS\DEV\CCV15\APPS\ADDONSEXAMPLES\VS2008\OBJ\DEBUG\OFXGUIPANEL.OBJ
C:\USERS\PWJONES\DOCUMENTS\DEV\CCV15\APPS\ADDONSEXAMPLES\VS2008\OBJ\DEBUG\OFXGUIPOINTS.OBJ
C:\USERS\PWJONES\DOCUMENTS\DEV\CCV15\APPS\ADDONSEXAMPLES\VS2008\OBJ\DEBUG\OFXGUIRADAR.OBJ
C:\USERS\PWJONES\DOCUMENTS\DEV\CCV15\APPS\ADDONSEXAMPLES\VS2008\OBJ\DEBUG\OFXGUISCOPE.OBJ
C:\USERS\PWJONES\DOCUMENTS\DEV\CCV15\APPS\ADDONSEXAMPLES\VS2008\OBJ\DEBUG\OFXGUISLIDER.OBJ
C:\USERS\PWJONES\DOCUMENTS\DEV\CCV15\APPS\ADDONSEXAMPLES\VS2008\OBJ\DEBUG\OFXGUISWITCH.OBJ
C:\USERS\PWJONES\DOCUMENTS\DEV\CCV15\APPS\ADDONSEXAMPLES\VS2008\OBJ\DEBUG\OFXGUIXYPAD.OBJ
C:\USERS\PWJONES\DOCUMENTS\DEV\CCV15\APPS\ADDONSEXAMPLES\VS2008\OBJ\DEBUG\OFXKINECT.OBJ
C:\USERS\PWJONES\DOCUMENTS\DEV\CCV15\APPS\ADDONSEXAMPLES\VS2008\OBJ\DEBUG\OFXMATRIX3X3.OBJ
C:\USERS\PWJONES\DOCUMENTS\DEV\CCV15\APPS\ADDONSEXAMPLES\VS2008\OBJ\DEBUG\OFXMULTIPLEXER.OBJ
C:\USERS\PWJONES\DOCUMENTS\DEV\CCV15\APPS\ADDONSEXAMPLES\VS2008\OBJ\DEBUG\OFXMULTIPLEXERMANAGER.OBJ
C:\USERS\PWJONES\DOCUMENTS\DEV\CCV15\APPS\ADDONSEXAMPLES\VS2008\OBJ\DEBUG\OFXNCOREVISION.OBJ
C:\USERS\PWJONES\DOCUMENTS\DEV\CCV15\APPS\ADDONSEXAMPLES\VS2008\OBJ\DEBUG\OFXOSCBUNDLE.OBJ
C:\USERS\PWJONES\DOCUMENTS\DEV\CCV15\APPS\ADDONSEXAMPLES\VS2008\OBJ\DEBUG\OFXOSCMESSAGE.OBJ
C:\USERS\PWJONES\DOCUMENTS\DEV\CCV15\APPS\ADDONSEXAMPLES\VS2008\OBJ\DEBUG\OFXOSCRECEIVER.OBJ
C:\USERS\PWJONES\DOCUMENTS\DEV\CCV15\APPS\ADDONSEXAMPLES\VS2008\OBJ\DEBUG\OFXOSCSENDER.OBJ
C:\USERS\PWJONES\DOCUMENTS\DEV\CCV15\APPS\ADDONSEXAMPLES\VS2008\OBJ\DEBUG\OFXPS3.OBJ
C:\USERS\PWJONES\DOCUMENTS\DEV\CCV15\APPS\ADDONSEXAMPLES\VS2008\OBJ\DEBUG\OFXTCPCLIENT.OBJ
C:\USERS\PWJONES\DOCUMENTS\DEV\CCV15\APPS\ADDONSEXAMPLES\VS2008\OBJ\DEBUG\OFXTCPSERVER.OBJ
C:\USERS\PWJONES\DOCUMENTS\DEV\CCV15\APPS\ADDONSEXAMPLES\VS2008\OBJ\DEBUG\OFXTHREAD.OBJ
C:\USERS\PWJONES\DOCUMENTS\DEV\CCV15\APPS\ADDONSEXAMPLES\VS2008\OBJ\DEBUG\OFXXMLSETTINGS.OBJ
C:\USERS\PWJONES\DOCUMENTS\DEV\CCV15\APPS\ADDONSEXAMPLES\VS2008\OBJ\DEBUG\SEGMENT.OBJ
C:\USERS\PWJONES\DOCUMENTS\DEV\CCV15\APPS\ADDONSEXAMPLES\VS2008\OBJ\DEBUG\SHADERPROGRAM.OBJ
C:\USERS\PWJONES\DOCUMENTS\DEV\CCV15\APPS\ADDONSEXAMPLES\VS2008\OBJ\DEBUG\TEMPLATEUTILS.OBJ
C:\USERS\PWJONES\DOCUMENTS\DEV\CCV15\APPS\ADDONSEXAMPLES\VS2008\OBJ\DEBUG\TESTAPP.OBJ
C:\USERS\PWJONES\DOCUMENTS\DEV\CCV15\APPS\ADDONSEXAMPLES\VS2008\OBJ\DEBUG\TINYXML.OBJ
C:\USERS\PWJONES\DOCUMENTS\DEV\CCV15\APPS\ADDONSEXAMPLES\VS2008\OBJ\DEBUG\TINYXMLERROR.OBJ
C:\USERS\PWJONES\DOCUMENTS\DEV\CCV15\APPS\ADDONSEXAMPLES\VS2008\OBJ\DEBUG\TINYXMLPARSER.OBJ
C:\USERS\PWJONES\DOCUMENTS\DEV\CCV15\APPS\ADDONSEXAMPLES\VS2008\OBJ\DEBUG\TOUCHMESSENGER.OBJ
C:\USERS\PWJONES\DOCUMENTS\DEV\CCV15\APPS\ADDONSEXAMPLES\VS2008\OBJ\DEBUG\TRACKING.OBJ
C:\USERS\PWJONES\DOCUMENTS\DEV\CCV15\APPS\ADDONSEXAMPLES\VS2008\OBJ\DEBUG\TREEIDMAP.OBJ
C:\USERS\PWJONES\DOCUMENTS\DEV\CCV15\APPS\ADDONSEXAMPLES\VS2008\OBJ\DEBUG\TUIO.OBJ
C:\Users\pwjones\Documents\dev\ccv15\apps\addonsExamples\VS2008\obj\Debug\vc100.idb
C:\USERS\PWJONES\DOCUMENTS\DEV\CCV15\APPS\ADDONSEXAMPLES\VS2008\OBJ\DEBUG\VC100.PDB
